<!DOCTYPE html PUBLIC "-//W3C//DTD XHTML 1.1//EN" "http://www.w3.org/TR/xhtml11/DTD/xhtml11.dtd">
<html xmlns="http://www.w3.org/1999/xhtml">
<head>
<meta http-equiv="content-type" content="text/html; charset=UTF-8"/>
<title>TestNG Report</title>
<style type="text/css">table {margin-bottom:10px;border-collapse:collapse;empty-cells:show}th,td {border:1px solid #009;padding:.25em .5em}th {vertical-align:bottom}td {vertical-align:top}table a {font-weight:bold}.stripe td {background-color: #E6EBF9}.num {text-align:right}.passedodd td {background-color: #3F3}.passedeven td {background-color: #0A0}.skippedodd td {background-color: #DDD}.skippedeven td {background-color: #CCC}.failedodd td,.attn {background-color: #F33}.failedeven td,.stripe .attn {background-color: #D00}.stacktrace {white-space:pre;font-family:monospace}.totop {font-size:85%;text-align:center;border-bottom:2px solid #000}.invisible {display:none}</style>
</head>
<body>
<table>
<tr><th>Test</th><th># Passed</th><th># Skipped</th><th># Retried</th><th># Failed</th><th>Time (ms)</th><th>Included Groups</th><th>Excluded Groups</th></tr>
<tr><th colspan="8">Example test run</th></tr>
<tr><td><a href="#t0">Simple Test</a></td><td class="num">3</td><td class="num">0</td><td class="num">0</td><td class="num attn">4</td><td class="num">84,911</td><td></td><td></td></tr>
</table>
<table id='summary'><thead><tr><th>Class</th><th>Method</th><th>Start</th><th>Time (ms)</th></tr></thead><tbody><tr><th colspan="4">Example test run</th></tr></tbody><tbody id="t0"><tr><th colspan="4">Simple Test &#8212; failed (configuration methods)</th></tr><tr class="failedeven"><td rowspan="1">testcases.TestForEbay</td><td><a href="#m0">tearDown</a></td><td rowspan="1">1653340366904</td><td rowspan="1">953</td></tr><tr><th colspan="4">Simple Test &#8212; failed</th></tr><tr class="failedeven"><td rowspan="2">Demo_ExtentReport.ExtentReport</td><td><a href="#m1">functionality1Test2</a></td><td rowspan="1">1653340335502</td><td rowspan="1">1</td></tr><tr class="failedeven"><td><a href="#m2">functionality1Test3</a></td><td rowspan="1">1653340343605</td><td rowspan="1">0</td></tr><tr class="failedodd"><td rowspan="2">testcases.TestForEbay</td><td><a href="#m3">searchProduct</a></td><td rowspan="1">1653340366904</td><td rowspan="1">0</td></tr><tr class="failedodd"><td><a href="#m4">verifyTitle</a></td><td rowspan="1">1653340366729</td><td rowspan="1">174</td></tr><tr><th colspan="4">Simple Test &#8212; passed</th></tr><tr class="passedeven"><td rowspan="3">Demo_ExtentReport.ExtentReport</td><td><a href="#m5">fillRegistrationformTest</a></td><td rowspan="1">1653340305492</td><td rowspan="1">10154</td></tr><tr class="passedeven"><td><a href="#m6">functionality1Test1</a></td><td rowspan="1">1653340326901</td><td rowspan="1">0</td></tr><tr class="passedeven"><td><a href="#m7">verifyTittleTest</a></td><td rowspan="1">1653340295122</td><td rowspan="1">13</td></tr></tbody>
</table>
<h2>Simple Test</h2><h3 id="m0">testcases.TestForEbay#tearDown</h3><table class="result"><tr><th>Exception</th></tr><tr><td><div class="stacktrace">java.lang.NullPointerException
	at testcases.TestForEbay.tearDown(TestForEbay.java:69)
	at java.util.ArrayList.forEach(ArrayList.java:1259)
... Removed 28 stack frames</div></td></tr></table><p class="totop"><a href="#summary">back to summary</a></p>
<h3 id="m1">Demo_ExtentReport.ExtentReport#functionality1Test2</h3><table class="result"><tr><th>Exception</th></tr><tr><td><div class="stacktrace">java.lang.AssertionError: expected [Sakinala] but found [Krishna]
	at Demo_ExtentReport.ExtentReport.functionality1Test2(ExtentReport.java:99)
	at java.util.ArrayList.forEach(ArrayList.java:1259)
... Removed 35 stack frames</div></td></tr></table><p class="totop"><a href="#summary">back to summary</a></p>
<h3 id="m2">Demo_ExtentReport.ExtentReport#functionality1Test3</h3><table class="result"><tr><th>Exception</th></tr><tr><td><div class="stacktrace">java.lang.AssertionError: did not expect [Krishna] but found [Krishna]
	at Demo_ExtentReport.ExtentReport.functionality1Test3(ExtentReport.java:106)
	at java.util.ArrayList.forEach(ArrayList.java:1259)
... Removed 33 stack frames</div></td></tr></table><p class="totop"><a href="#summary">back to summary</a></p>
<h3 id="m3">testcases.TestForEbay#searchProduct</h3><table class="result"><tr><th>Exception</th></tr><tr><td><div class="stacktrace">java.lang.NullPointerException
	at org.openqa.selenium.support.pagefactory.DefaultElementLocator.findElement(DefaultElementLocator.java:69)
	at org.openqa.selenium.support.pagefactory.internal.LocatingElementHandler.invoke(LocatingElementHandler.java:38)
	at com.sun.proxy.$Proxy11.sendKeys(Unknown Source)
	at pages.HomePageTesting.searchfacilityTest(HomePageTesting.java:37)
	at testcases.TestForEbay.searchProduct(TestForEbay.java:61)
	at java.util.ArrayList.forEach(ArrayList.java:1259)
... Removed 30 stack frames</div></td></tr></table><p class="totop"><a href="#summary">back to summary</a></p>
<h3 id="m4">testcases.TestForEbay#verifyTitle</h3><table class="result"><tr><th>Exception</th></tr><tr><td><div class="stacktrace">java.lang.NullPointerException
	at pages.HomePageTesting.veryHeader(HomePageTesting.java:30)
	at testcases.TestForEbay.verifyTitle(TestForEbay.java:53)
	at java.util.ArrayList.forEach(ArrayList.java:1259)
... Removed 30 stack frames</div></td></tr></table><p class="totop"><a href="#summary">back to summary</a></p>
<h3 id="m5">Demo_ExtentReport.ExtentReport#fillRegistrationformTest</h3><table class="result"><tr><th class="invisible"/></tr></table><p class="totop"><a href="#summary">back to summary</a></p>
<h3 id="m6">Demo_ExtentReport.ExtentReport#functionality1Test1</h3><table class="result"><tr><th class="invisible"/></tr></table><p class="totop"><a href="#summary">back to summary</a></p>
<h3 id="m7">Demo_ExtentReport.ExtentReport#verifyTittleTest</h3><table class="result"><tr><th class="invisible"/></tr></table><p class="totop"><a href="#summary">back to summary</a></p>
</body>
</html>
