<?xml version="1.0" encoding="UTF-8"?>
<testng-results skipped="0" failed="4" ignored="0" total="7" passed="3">
  <reporter-output>
  </reporter-output>
  <suite name="Example test run" duration-ms="84911" started-at="2022-05-23T17:11:22 EDT" finished-at="2022-05-23T17:12:47 EDT">
    <groups>
    </groups>
    <test name="Simple Test" duration-ms="84911" started-at="2022-05-23T17:11:22 EDT" finished-at="2022-05-23T17:12:47 EDT">
      <class name="testcases.TestForEbay">
        <test-method status="PASS" signature="setup()[pri:0, instance:testcases.TestForEbay@271053e1]" name="setup" is-config="true" duration-ms="20782" started-at="2022-05-23T17:12:25 EDT" finished-at="2022-05-23T17:12:46 EDT">
          <reporter-output>
          </reporter-output>
        </test-method> <!-- setup -->
        <test-method status="FAIL" signature="verifyTitle()[pri:1, instance:testcases.TestForEbay@271053e1]" name="verifyTitle" duration-ms="174" started-at="2022-05-23T17:12:46 EDT" finished-at="2022-05-23T17:12:46 EDT">
          <exception class="java.lang.NullPointerException">
            <full-stacktrace>
              <![CDATA[java.lang.NullPointerException
at pages.HomePageTesting.veryHeader(HomePageTesting.java:30)
at testcases.TestForEbay.verifyTitle(TestForEbay.java:53)
at sun.reflect.NativeMethodAccessorImpl.invoke0(Native Method)
at sun.reflect.NativeMethodAccessorImpl.invoke(NativeMethodAccessorImpl.java:62)
at sun.reflect.DelegatingMethodAccessorImpl.invoke(DelegatingMethodAccessorImpl.java:43)
at java.lang.reflect.Method.invoke(Method.java:498)
at org.testng.internal.MethodInvocationHelper.invokeMethod(MethodInvocationHelper.java:134)
at org.testng.internal.TestInvoker.invokeMethod(TestInvoker.java:597)
at org.testng.internal.TestInvoker.invokeTestMethod(TestInvoker.java:173)
at org.testng.internal.MethodRunner.runInSequence(MethodRunner.java:46)
at org.testng.internal.TestInvoker$MethodInvocationAgent.invoke(TestInvoker.java:816)
at org.testng.internal.TestInvoker.invokeTestMethods(TestInvoker.java:146)
at org.testng.internal.TestMethodWorker.invokeTestMethods(TestMethodWorker.java:146)
at org.testng.internal.TestMethodWorker.run(TestMethodWorker.java:128)
at java.util.ArrayList.forEach(ArrayList.java:1259)
at org.testng.TestRunner.privateRun(TestRunner.java:766)
at org.testng.TestRunner.run(TestRunner.java:587)
at org.testng.SuiteRunner.runTest(SuiteRunner.java:384)
at org.testng.SuiteRunner.runSequentially(SuiteRunner.java:378)
at org.testng.SuiteRunner.privateRun(SuiteRunner.java:337)
at org.testng.SuiteRunner.run(SuiteRunner.java:286)
at org.testng.SuiteRunnerWorker.runSuite(SuiteRunnerWorker.java:53)
at org.testng.SuiteRunnerWorker.run(SuiteRunnerWorker.java:96)
at org.testng.TestNG.runSuitesSequentially(TestNG.java:1187)
at org.testng.TestNG.runSuitesLocally(TestNG.java:1109)
at org.testng.TestNG.runSuites(TestNG.java:1039)
at org.testng.TestNG.run(TestNG.java:1007)
at org.apache.maven.surefire.testng.TestNGExecutor.run(TestNGExecutor.java:281)
at org.apache.maven.surefire.testng.TestNGXmlTestSuite.execute(TestNGXmlTestSuite.java:75)
at org.apache.maven.surefire.testng.TestNGProvider.invoke(TestNGProvider.java:121)
at org.apache.maven.surefire.booter.ForkedBooter.invokeProviderInSameClassLoader(ForkedBooter.java:290)
at org.apache.maven.surefire.booter.ForkedBooter.runSuitesInProcess(ForkedBooter.java:242)
at org.apache.maven.surefire.booter.ForkedBooter.main(ForkedBooter.java:121)
]]>
            </full-stacktrace>
          </exception> <!-- java.lang.NullPointerException -->
          <reporter-output>
          </reporter-output>
        </test-method> <!-- verifyTitle -->
        <test-method status="FAIL" signature="searchProduct()[pri:2, instance:testcases.TestForEbay@271053e1]" name="searchProduct" duration-ms="0" started-at="2022-05-23T17:12:46 EDT" finished-at="2022-05-23T17:12:46 EDT">
          <exception class="java.lang.NullPointerException">
            <full-stacktrace>
              <![CDATA[java.lang.NullPointerException
at org.openqa.selenium.support.pagefactory.DefaultElementLocator.findElement(DefaultElementLocator.java:69)
at org.openqa.selenium.support.pagefactory.internal.LocatingElementHandler.invoke(LocatingElementHandler.java:38)
at com.sun.proxy.$Proxy11.sendKeys(Unknown Source)
at pages.HomePageTesting.searchfacilityTest(HomePageTesting.java:37)
at testcases.TestForEbay.searchProduct(TestForEbay.java:61)
at sun.reflect.NativeMethodAccessorImpl.invoke0(Native Method)
at sun.reflect.NativeMethodAccessorImpl.invoke(NativeMethodAccessorImpl.java:62)
at sun.reflect.DelegatingMethodAccessorImpl.invoke(DelegatingMethodAccessorImpl.java:43)
at java.lang.reflect.Method.invoke(Method.java:498)
at org.testng.internal.MethodInvocationHelper.invokeMethod(MethodInvocationHelper.java:134)
at org.testng.internal.TestInvoker.invokeMethod(TestInvoker.java:597)
at org.testng.internal.TestInvoker.invokeTestMethod(TestInvoker.java:173)
at org.testng.internal.MethodRunner.runInSequence(MethodRunner.java:46)
at org.testng.internal.TestInvoker$MethodInvocationAgent.invoke(TestInvoker.java:816)
at org.testng.internal.TestInvoker.invokeTestMethods(TestInvoker.java:146)
at org.testng.internal.TestMethodWorker.invokeTestMethods(TestMethodWorker.java:146)
at org.testng.internal.TestMethodWorker.run(TestMethodWorker.java:128)
at java.util.ArrayList.forEach(ArrayList.java:1259)
at org.testng.TestRunner.privateRun(TestRunner.java:766)
at org.testng.TestRunner.run(TestRunner.java:587)
at org.testng.SuiteRunner.runTest(SuiteRunner.java:384)
at org.testng.SuiteRunner.runSequentially(SuiteRunner.java:378)
at org.testng.SuiteRunner.privateRun(SuiteRunner.java:337)
at org.testng.SuiteRunner.run(SuiteRunner.java:286)
at org.testng.SuiteRunnerWorker.runSuite(SuiteRunnerWorker.java:53)
at org.testng.SuiteRunnerWorker.run(SuiteRunnerWorker.java:96)
at org.testng.TestNG.runSuitesSequentially(TestNG.java:1187)
at org.testng.TestNG.runSuitesLocally(TestNG.java:1109)
at org.testng.TestNG.runSuites(TestNG.java:1039)
at org.testng.TestNG.run(TestNG.java:1007)
at org.apache.maven.surefire.testng.TestNGExecutor.run(TestNGExecutor.java:281)
at org.apache.maven.surefire.testng.TestNGXmlTestSuite.execute(TestNGXmlTestSuite.java:75)
at org.apache.maven.surefire.testng.TestNGProvider.invoke(TestNGProvider.java:121)
at org.apache.maven.surefire.booter.ForkedBooter.invokeProviderInSameClassLoader(ForkedBooter.java:290)
at org.apache.maven.surefire.booter.ForkedBooter.runSuitesInProcess(ForkedBooter.java:242)
at org.apache.maven.surefire.booter.ForkedBooter.main(ForkedBooter.java:121)
]]>
            </full-stacktrace>
          </exception> <!-- java.lang.NullPointerException -->
          <reporter-output>
          </reporter-output>
        </test-method> <!-- searchProduct -->
        <test-method status="FAIL" signature="tearDown()[pri:0, instance:testcases.TestForEbay@271053e1]" name="tearDown" is-config="true" duration-ms="953" started-at="2022-05-23T17:12:46 EDT" finished-at="2022-05-23T17:12:47 EDT">
          <exception class="java.lang.NullPointerException">
            <full-stacktrace>
              <![CDATA[java.lang.NullPointerException
at testcases.TestForEbay.tearDown(TestForEbay.java:69)
at sun.reflect.NativeMethodAccessorImpl.invoke0(Native Method)
at sun.reflect.NativeMethodAccessorImpl.invoke(NativeMethodAccessorImpl.java:62)
at sun.reflect.DelegatingMethodAccessorImpl.invoke(DelegatingMethodAccessorImpl.java:43)
at java.lang.reflect.Method.invoke(Method.java:498)
at org.testng.internal.MethodInvocationHelper.invokeMethod(MethodInvocationHelper.java:134)
at org.testng.internal.MethodInvocationHelper.invokeMethodConsideringTimeout(MethodInvocationHelper.java:63)
at org.testng.internal.ConfigInvoker.invokeConfigurationMethod(ConfigInvoker.java:348)
at org.testng.internal.ConfigInvoker.invokeConfigurations(ConfigInvoker.java:302)
at org.testng.internal.TestMethodWorker.invokeAfterClassMethods(TestMethodWorker.java:217)
at org.testng.internal.TestMethodWorker.run(TestMethodWorker.java:130)
at java.util.ArrayList.forEach(ArrayList.java:1259)
at org.testng.TestRunner.privateRun(TestRunner.java:766)
at org.testng.TestRunner.run(TestRunner.java:587)
at org.testng.SuiteRunner.runTest(SuiteRunner.java:384)
at org.testng.SuiteRunner.runSequentially(SuiteRunner.java:378)
at org.testng.SuiteRunner.privateRun(SuiteRunner.java:337)
at org.testng.SuiteRunner.run(SuiteRunner.java:286)
at org.testng.SuiteRunnerWorker.runSuite(SuiteRunnerWorker.java:53)
at org.testng.SuiteRunnerWorker.run(SuiteRunnerWorker.java:96)
at org.testng.TestNG.runSuitesSequentially(TestNG.java:1187)
at org.testng.TestNG.runSuitesLocally(TestNG.java:1109)
at org.testng.TestNG.runSuites(TestNG.java:1039)
at org.testng.TestNG.run(TestNG.java:1007)
at org.apache.maven.surefire.testng.TestNGExecutor.run(TestNGExecutor.java:281)
at org.apache.maven.surefire.testng.TestNGXmlTestSuite.execute(TestNGXmlTestSuite.java:75)
at org.apache.maven.surefire.testng.TestNGProvider.invoke(TestNGProvider.java:121)
at org.apache.maven.surefire.booter.ForkedBooter.invokeProviderInSameClassLoader(ForkedBooter.java:290)
at org.apache.maven.surefire.booter.ForkedBooter.runSuitesInProcess(ForkedBooter.java:242)
at org.apache.maven.surefire.booter.ForkedBooter.main(ForkedBooter.java:121)
]]>
            </full-stacktrace>
          </exception> <!-- java.lang.NullPointerException -->
          <reporter-output>
          </reporter-output>
        </test-method> <!-- tearDown -->
      </class> <!-- testcases.TestForEbay -->
      <class name="Demo_ExtentReport.ExtentReport">
        <test-method status="PASS" signature="startTest()[pri:0, instance:Demo_ExtentReport.ExtentReport@4f7d0008]" name="startTest" is-config="true" duration-ms="193" started-at="2022-05-23T17:11:22 EDT" finished-at="2022-05-23T17:11:23 EDT">
          <reporter-output>
          </reporter-output>
        </test-method> <!-- startTest -->
        <test-method status="PASS" signature="openApplication()[pri:0, instance:Demo_ExtentReport.ExtentReport@4f7d0008]" name="openApplication" is-config="true" duration-ms="11925" started-at="2022-05-23T17:11:23 EDT" finished-at="2022-05-23T17:11:35 EDT">
          <reporter-output>
          </reporter-output>
        </test-method> <!-- openApplication -->
        <test-method status="PASS" signature="verifyTittleTest()[pri:1, instance:Demo_ExtentReport.ExtentReport@4f7d0008]" name="verifyTittleTest" duration-ms="13" started-at="2022-05-23T17:11:35 EDT" finished-at="2022-05-23T17:11:35 EDT">
          <reporter-output>
          </reporter-output>
        </test-method> <!-- verifyTittleTest -->
        <test-method status="PASS" signature="setTestResult(org.testng.ITestResult)[pri:0, instance:Demo_ExtentReport.ExtentReport@4f7d0008]" name="setTestResult" is-config="true" duration-ms="2820" started-at="2022-05-23T17:11:35 EDT" finished-at="2022-05-23T17:11:37 EDT">
          <params>
            <param index="0">
              <value>
                <![CDATA[[TestResult name=verifyTittleTest status=SUCCESS method=ExtentReport.verifyTittleTest()[pri:1, instance:Demo_ExtentReport.ExtentReport@4f7d0008] output={null}]]]>
              </value>
            </param>
          </params>
          <reporter-output>
          </reporter-output>
        </test-method> <!-- setTestResult -->
        <test-method status="PASS" signature="openApplication()[pri:0, instance:Demo_ExtentReport.ExtentReport@4f7d0008]" name="openApplication" is-config="true" duration-ms="7532" started-at="2022-05-23T17:11:37 EDT" finished-at="2022-05-23T17:11:45 EDT">
          <reporter-output>
          </reporter-output>
        </test-method> <!-- openApplication -->
        <test-method status="PASS" signature="fillRegistrationformTest()[pri:2, instance:Demo_ExtentReport.ExtentReport@4f7d0008]" name="fillRegistrationformTest" duration-ms="10154" started-at="2022-05-23T17:11:45 EDT" finished-at="2022-05-23T17:11:55 EDT">
          <reporter-output>
          </reporter-output>
        </test-method> <!-- fillRegistrationformTest -->
        <test-method status="PASS" signature="setTestResult(org.testng.ITestResult)[pri:0, instance:Demo_ExtentReport.ExtentReport@4f7d0008]" name="setTestResult" is-config="true" duration-ms="1680" started-at="2022-05-23T17:11:55 EDT" finished-at="2022-05-23T17:11:57 EDT">
          <params>
            <param index="0">
              <value>
                <![CDATA[[TestResult name=fillRegistrationformTest status=SUCCESS method=ExtentReport.fillRegistrationformTest()[pri:2, instance:Demo_ExtentReport.ExtentReport@4f7d0008] output={null}]]]>
              </value>
            </param>
          </params>
          <reporter-output>
          </reporter-output>
        </test-method> <!-- setTestResult -->
        <test-method status="PASS" signature="openApplication()[pri:0, instance:Demo_ExtentReport.ExtentReport@4f7d0008]" name="openApplication" is-config="true" duration-ms="9573" started-at="2022-05-23T17:11:57 EDT" finished-at="2022-05-23T17:12:06 EDT">
          <reporter-output>
          </reporter-output>
        </test-method> <!-- openApplication -->
        <test-method status="PASS" signature="functionality1Test1()[pri:3, instance:Demo_ExtentReport.ExtentReport@4f7d0008]" name="functionality1Test1" duration-ms="0" started-at="2022-05-23T17:12:06 EDT" finished-at="2022-05-23T17:12:06 EDT">
          <reporter-output>
          </reporter-output>
        </test-method> <!-- functionality1Test1 -->
        <test-method status="PASS" signature="setTestResult(org.testng.ITestResult)[pri:0, instance:Demo_ExtentReport.ExtentReport@4f7d0008]" name="setTestResult" is-config="true" duration-ms="2125" started-at="2022-05-23T17:12:06 EDT" finished-at="2022-05-23T17:12:09 EDT">
          <params>
            <param index="0">
              <value>
                <![CDATA[[TestResult name=functionality1Test1 status=SUCCESS method=ExtentReport.functionality1Test1()[pri:3, instance:Demo_ExtentReport.ExtentReport@4f7d0008] output={null}]]]>
              </value>
            </param>
          </params>
          <reporter-output>
          </reporter-output>
        </test-method> <!-- setTestResult -->
        <test-method status="PASS" signature="openApplication()[pri:0, instance:Demo_ExtentReport.ExtentReport@4f7d0008]" name="openApplication" is-config="true" duration-ms="6475" started-at="2022-05-23T17:12:09 EDT" finished-at="2022-05-23T17:12:15 EDT">
          <reporter-output>
          </reporter-output>
        </test-method> <!-- openApplication -->
        <test-method status="FAIL" signature="functionality1Test2()[pri:4, instance:Demo_ExtentReport.ExtentReport@4f7d0008]" name="functionality1Test2" duration-ms="1" started-at="2022-05-23T17:12:15 EDT" finished-at="2022-05-23T17:12:15 EDT">
          <exception class="java.lang.AssertionError">
            <message>
              <![CDATA[expected [Sakinala] but found [Krishna]]]>
            </message>
            <full-stacktrace>
              <![CDATA[java.lang.AssertionError: expected [Sakinala] but found [Krishna]
at org.testng.Assert.fail(Assert.java:97)
at org.testng.Assert.assertEqualsImpl(Assert.java:136)
at org.testng.Assert.assertEquals(Assert.java:118)
at org.testng.Assert.assertEquals(Assert.java:575)
at org.testng.Assert.assertEquals(Assert.java:585)
at Demo_ExtentReport.ExtentReport.functionality1Test2(ExtentReport.java:99)
at sun.reflect.NativeMethodAccessorImpl.invoke0(Native Method)
at sun.reflect.NativeMethodAccessorImpl.invoke(NativeMethodAccessorImpl.java:62)
at sun.reflect.DelegatingMethodAccessorImpl.invoke(DelegatingMethodAccessorImpl.java:43)
at java.lang.reflect.Method.invoke(Method.java:498)
at org.testng.internal.MethodInvocationHelper.invokeMethod(MethodInvocationHelper.java:134)
at org.testng.internal.TestInvoker.invokeMethod(TestInvoker.java:597)
at org.testng.internal.TestInvoker.invokeTestMethod(TestInvoker.java:173)
at org.testng.internal.MethodRunner.runInSequence(MethodRunner.java:46)
at org.testng.internal.TestInvoker$MethodInvocationAgent.invoke(TestInvoker.java:816)
at org.testng.internal.TestInvoker.invokeTestMethods(TestInvoker.java:146)
at org.testng.internal.TestMethodWorker.invokeTestMethods(TestMethodWorker.java:146)
at org.testng.internal.TestMethodWorker.run(TestMethodWorker.java:128)
at java.util.ArrayList.forEach(ArrayList.java:1259)
at org.testng.TestRunner.privateRun(TestRunner.java:766)
at org.testng.TestRunner.run(TestRunner.java:587)
at org.testng.SuiteRunner.runTest(SuiteRunner.java:384)
at org.testng.SuiteRunner.runSequentially(SuiteRunner.java:378)
at org.testng.SuiteRunner.privateRun(SuiteRunner.java:337)
at org.testng.SuiteRunner.run(SuiteRunner.java:286)
at org.testng.SuiteRunnerWorker.runSuite(SuiteRunnerWorker.java:53)
at org.testng.SuiteRunnerWorker.run(SuiteRunnerWorker.java:96)
at org.testng.TestNG.runSuitesSequentially(TestNG.java:1187)
at org.testng.TestNG.runSuitesLocally(TestNG.java:1109)
at org.testng.TestNG.runSuites(TestNG.java:1039)
at org.testng.TestNG.run(TestNG.java:1007)
at org.apache.maven.surefire.testng.TestNGExecutor.run(TestNGExecutor.java:281)
at org.apache.maven.surefire.testng.TestNGXmlTestSuite.execute(TestNGXmlTestSuite.java:75)
at org.apache.maven.surefire.testng.TestNGProvider.invoke(TestNGProvider.java:121)
at org.apache.maven.surefire.booter.ForkedBooter.invokeProviderInSameClassLoader(ForkedBooter.java:290)
at org.apache.maven.surefire.booter.ForkedBooter.runSuitesInProcess(ForkedBooter.java:242)
at org.apache.maven.surefire.booter.ForkedBooter.main(ForkedBooter.java:121)
]]>
            </full-stacktrace>
          </exception> <!-- java.lang.AssertionError -->
          <reporter-output>
          </reporter-output>
        </test-method> <!-- functionality1Test2 -->
        <test-method status="PASS" signature="setTestResult(org.testng.ITestResult)[pri:0, instance:Demo_ExtentReport.ExtentReport@4f7d0008]" name="setTestResult" is-config="true" duration-ms="2364" started-at="2022-05-23T17:12:15 EDT" finished-at="2022-05-23T17:12:17 EDT">
          <params>
            <param index="0">
              <value>
                <![CDATA[[TestResult name=functionality1Test2 status=FAILURE method=ExtentReport.functionality1Test2()[pri:4, instance:Demo_ExtentReport.ExtentReport@4f7d0008] output={null}]]]>
              </value>
            </param>
          </params>
          <reporter-output>
          </reporter-output>
        </test-method> <!-- setTestResult -->
        <test-method status="PASS" signature="openApplication()[pri:0, instance:Demo_ExtentReport.ExtentReport@4f7d0008]" name="openApplication" is-config="true" duration-ms="5732" started-at="2022-05-23T17:12:17 EDT" finished-at="2022-05-23T17:12:23 EDT">
          <reporter-output>
          </reporter-output>
        </test-method> <!-- openApplication -->
        <test-method status="FAIL" signature="functionality1Test3()[pri:5, instance:Demo_ExtentReport.ExtentReport@4f7d0008]" name="functionality1Test3" duration-ms="0" started-at="2022-05-23T17:12:23 EDT" finished-at="2022-05-23T17:12:23 EDT">
          <exception class="java.lang.AssertionError">
            <message>
              <![CDATA[did not expect [Krishna] but found [Krishna]]]>
            </message>
            <full-stacktrace>
              <![CDATA[java.lang.AssertionError: did not expect [Krishna] but found [Krishna]
at org.testng.Assert.fail(Assert.java:97)
at org.testng.Assert.assertNotEquals(Assert.java:1399)
at org.testng.Assert.assertNotEquals(Assert.java:1404)
at Demo_ExtentReport.ExtentReport.functionality1Test3(ExtentReport.java:106)
at sun.reflect.NativeMethodAccessorImpl.invoke0(Native Method)
at sun.reflect.NativeMethodAccessorImpl.invoke(NativeMethodAccessorImpl.java:62)
at sun.reflect.DelegatingMethodAccessorImpl.invoke(DelegatingMethodAccessorImpl.java:43)
at java.lang.reflect.Method.invoke(Method.java:498)
at org.testng.internal.MethodInvocationHelper.invokeMethod(MethodInvocationHelper.java:134)
at org.testng.internal.TestInvoker.invokeMethod(TestInvoker.java:597)
at org.testng.internal.TestInvoker.invokeTestMethod(TestInvoker.java:173)
at org.testng.internal.MethodRunner.runInSequence(MethodRunner.java:46)
at org.testng.internal.TestInvoker$MethodInvocationAgent.invoke(TestInvoker.java:816)
at org.testng.internal.TestInvoker.invokeTestMethods(TestInvoker.java:146)
at org.testng.internal.TestMethodWorker.invokeTestMethods(TestMethodWorker.java:146)
at org.testng.internal.TestMethodWorker.run(TestMethodWorker.java:128)
at java.util.ArrayList.forEach(ArrayList.java:1259)
at org.testng.TestRunner.privateRun(TestRunner.java:766)
at org.testng.TestRunner.run(TestRunner.java:587)
at org.testng.SuiteRunner.runTest(SuiteRunner.java:384)
at org.testng.SuiteRunner.runSequentially(SuiteRunner.java:378)
at org.testng.SuiteRunner.privateRun(SuiteRunner.java:337)
at org.testng.SuiteRunner.run(SuiteRunner.java:286)
at org.testng.SuiteRunnerWorker.runSuite(SuiteRunnerWorker.java:53)
at org.testng.SuiteRunnerWorker.run(SuiteRunnerWorker.java:96)
at org.testng.TestNG.runSuitesSequentially(TestNG.java:1187)
at org.testng.TestNG.runSuitesLocally(TestNG.java:1109)
at org.testng.TestNG.runSuites(TestNG.java:1039)
at org.testng.TestNG.run(TestNG.java:1007)
at org.apache.maven.surefire.testng.TestNGExecutor.run(TestNGExecutor.java:281)
at org.apache.maven.surefire.testng.TestNGXmlTestSuite.execute(TestNGXmlTestSuite.java:75)
at org.apache.maven.surefire.testng.TestNGProvider.invoke(TestNGProvider.java:121)
at org.apache.maven.surefire.booter.ForkedBooter.invokeProviderInSameClassLoader(ForkedBooter.java:290)
at org.apache.maven.surefire.booter.ForkedBooter.runSuitesInProcess(ForkedBooter.java:242)
at org.apache.maven.surefire.booter.ForkedBooter.main(ForkedBooter.java:121)
]]>
            </full-stacktrace>
          </exception> <!-- java.lang.AssertionError -->
          <reporter-output>
          </reporter-output>
        </test-method> <!-- functionality1Test3 -->
        <test-method status="PASS" signature="setTestResult(org.testng.ITestResult)[pri:0, instance:Demo_ExtentReport.ExtentReport@4f7d0008]" name="setTestResult" is-config="true" duration-ms="2342" started-at="2022-05-23T17:12:23 EDT" finished-at="2022-05-23T17:12:25 EDT">
          <params>
            <param index="0">
              <value>
                <![CDATA[[TestResult name=functionality1Test3 status=FAILURE method=ExtentReport.functionality1Test3()[pri:5, instance:Demo_ExtentReport.ExtentReport@4f7d0008] output={null}]]]>
              </value>
            </param>
          </params>
          <reporter-output>
          </reporter-output>
        </test-method> <!-- setTestResult -->
        <test-method status="PASS" signature="endTest()[pri:0, instance:Demo_ExtentReport.ExtentReport@4f7d0008]" name="endTest" is-config="true" duration-ms="29" started-at="2022-05-23T17:12:47 EDT" finished-at="2022-05-23T17:12:47 EDT">
          <reporter-output>
          </reporter-output>
        </test-method> <!-- endTest -->
      </class> <!-- Demo_ExtentReport.ExtentReport -->
    </test> <!-- Simple Test -->
  </suite> <!-- Example test run -->
</testng-results>
