<?xml version="1.0" encoding="UTF-8"?>
<!-- Generated by org.testng.reporters.JUnitXMLReporter -->
<testsuite hostname="DESKTOP-7ISONQV" ignored="0" name="Simple Test" tests="7" failures="4" timestamp="2022-05-23T17:12:47 EDT" time="84.911" errors="0">
  <testcase name="@AfterClass tearDown" time="0.953" classname="testcases.TestForEbay">
    <failure type="java.lang.NullPointerException">
      <![CDATA[java.lang.NullPointerException
at testcases.TestForEbay.tearDown(TestForEbay.java:69)
at java.util.ArrayList.forEach(ArrayList.java:1259)
... Removed 28 stack frames]]>
    </failure>
  </testcase> <!-- @AfterClass tearDown -->
  <testcase name="verifyTittleTest" time="0.013" classname="Demo_ExtentReport.ExtentReport"/>
  <testcase name="fillRegistrationformTest" time="10.154" classname="Demo_ExtentReport.ExtentReport"/>
  <testcase name="functionality1Test1" time="0.0" classname="Demo_ExtentReport.ExtentReport"/>
  <testcase name="functionality1Test2" time="0.001" classname="Demo_ExtentReport.ExtentReport">
    <failure type="java.lang.AssertionError" message="expected [Sakinala] but found [Krishna]">
      <![CDATA[java.lang.AssertionError: expected [Sakinala] but found [Krishna]
at Demo_ExtentReport.ExtentReport.functionality1Test2(ExtentReport.java:99)
at java.util.ArrayList.forEach(ArrayList.java:1259)
... Removed 35 stack frames]]>
    </failure>
  </testcase> <!-- functionality1Test2 -->
  <testcase name="functionality1Test3" time="0.0" classname="Demo_ExtentReport.ExtentReport">
    <failure type="java.lang.AssertionError" message="did not expect [Krishna] but found [Krishna]">
      <![CDATA[java.lang.AssertionError: did not expect [Krishna] but found [Krishna]
at Demo_ExtentReport.ExtentReport.functionality1Test3(ExtentReport.java:106)
at java.util.ArrayList.forEach(ArrayList.java:1259)
... Removed 33 stack frames]]>
    </failure>
  </testcase> <!-- functionality1Test3 -->
  <testcase name="verifyTitle" time="0.174" classname="testcases.TestForEbay">
    <failure type="java.lang.NullPointerException">
      <![CDATA[java.lang.NullPointerException
at pages.HomePageTesting.veryHeader(HomePageTesting.java:30)
at testcases.TestForEbay.verifyTitle(TestForEbay.java:53)
at java.util.ArrayList.forEach(ArrayList.java:1259)
... Removed 30 stack frames]]>
    </failure>
  </testcase> <!-- verifyTitle -->
  <testcase name="searchProduct" time="0.0" classname="testcases.TestForEbay">
    <failure type="java.lang.NullPointerException">
      <![CDATA[java.lang.NullPointerException
at org.openqa.selenium.support.pagefactory.DefaultElementLocator.findElement(DefaultElementLocator.java:69)
at org.openqa.selenium.support.pagefactory.internal.LocatingElementHandler.invoke(LocatingElementHandler.java:38)
at com.sun.proxy.$Proxy11.sendKeys(Unknown Source)
at pages.HomePageTesting.searchfacilityTest(HomePageTesting.java:37)
at testcases.TestForEbay.searchProduct(TestForEbay.java:61)
at java.util.ArrayList.forEach(ArrayList.java:1259)
... Removed 30 stack frames]]>
    </failure>
  </testcase> <!-- searchProduct -->
</testsuite> <!-- Simple Test -->
